<?xml version="1.0" encoding="UTF-8"?>
<!-- Generated by org.testng.reporters.JUnitXMLReporter -->
<testsuite ignored="0" hostname="hfkboun" failures="1" tests="5" name="Command line test" time="92.813" errors="0" timestamp="07 Aug 2019 12:28:27 GMT">
  <testcase classname="com.d1tech.tests.TestHomePage" name="getTitle" time="0.014"/>
  <testcase classname="com.d1tech.tests.TestHomePage" name="clickSignIn" time="1.162"/>
  <testcase classname="com.d1tech.tests.TestLoginPage" name="verifyTitle" time="0.008"/>
  <testcase classname="com.d1tech.tests.TestLoginPage" name="verifyEmail" time="0.208"/>
  <testcase classname="com.d1tech.tests.TestLoginPage" name="verifyPassword" time="0.343">
    <failure type="java.lang.AssertionError" message="expected [1234a5678A] but found []">
      <![CDATA[java.lang.AssertionError: expected [1234a5678A] but found []
at com.d1tech.tests.TestLoginPage.verifyPassword(TestLoginPage.java:80)
... Removed 41 stack frames]]>
    </failure>
  </testcase> <!-- verifyPassword -->
</testsuite> <!-- Command line test -->
