<?xml version="1.0" encoding="UTF-8"?>
<testng-results ignored="0" total="5" passed="4" failed="1" skipped="0">
  <reporter-output>
  </reporter-output>
  <suite started-at="2019-08-07T12:26:54Z" name="Command line suite" finished-at="2019-08-07T12:28:27Z" duration-ms="92813">
    <groups>
    </groups>
    <test started-at="2019-08-07T12:26:54Z" name="Command line test" finished-at="2019-08-07T12:28:27Z" duration-ms="92813">
      <class name="com.d1tech.tests.TestHomePage">
        <test-method is-config="true" signature="setUp()[pri:0, instance:com.d1tech.tests.TestHomePage@1e0b4072]" started-at="2019-08-07T12:26:54Z" name="setUp" finished-at="2019-08-07T12:27:05Z" duration-ms="10915" status="PASS">
          <reporter-output>
          </reporter-output>
        </test-method> <!-- setUp -->
        <test-method signature="getTitle()[pri:1, instance:com.d1tech.tests.TestHomePage@1e0b4072]" started-at="2019-08-07T12:27:05Z" name="getTitle" finished-at="2019-08-07T12:27:05Z" duration-ms="14" status="PASS">
          <reporter-output>
          </reporter-output>
        </test-method> <!-- getTitle -->
        <test-method is-config="true" signature="tearDown()[pri:0, instance:com.d1tech.tests.TestHomePage@1e0b4072]" started-at="2019-08-07T12:27:05Z" name="tearDown" finished-at="2019-08-07T12:27:12Z" duration-ms="6791" status="PASS">
          <reporter-output>
          </reporter-output>
        </test-method> <!-- tearDown -->
        <test-method is-config="true" signature="setUp()[pri:0, instance:com.d1tech.tests.TestHomePage@1e0b4072]" started-at="2019-08-07T12:27:12Z" name="setUp" finished-at="2019-08-07T12:27:31Z" duration-ms="18769" status="PASS">
          <reporter-output>
          </reporter-output>
        </test-method> <!-- setUp -->
        <test-method signature="clickSignIn()[pri:2, instance:com.d1tech.tests.TestHomePage@1e0b4072]" started-at="2019-08-07T12:27:31Z" name="clickSignIn" finished-at="2019-08-07T12:27:32Z" duration-ms="1162" status="PASS">
          <reporter-output>
          </reporter-output>
        </test-method> <!-- clickSignIn -->
        <test-method is-config="true" signature="tearDown()[pri:0, instance:com.d1tech.tests.TestHomePage@1e0b4072]" started-at="2019-08-07T12:27:32Z" name="tearDown" finished-at="2019-08-07T12:27:36Z" duration-ms="4502" status="PASS">
          <reporter-output>
          </reporter-output>
        </test-method> <!-- tearDown -->
      </class> <!-- com.d1tech.tests.TestHomePage -->
      <class name="com.d1tech.tests.TestLoginPage">
        <test-method is-config="true" signature="setUp()[pri:0, instance:com.d1tech.tests.TestLoginPage@791f145a]" started-at="2019-08-07T12:27:36Z" name="setUp" finished-at="2019-08-07T12:27:46Z" duration-ms="9418" status="PASS">
          <reporter-output>
          </reporter-output>
        </test-method> <!-- setUp -->
        <test-method signature="verifyTitle()[pri:3, instance:com.d1tech.tests.TestLoginPage@791f145a]" started-at="2019-08-07T12:27:46Z" name="verifyTitle" finished-at="2019-08-07T12:27:46Z" duration-ms="8" status="PASS">
          <reporter-output>
          </reporter-output>
        </test-method> <!-- verifyTitle -->
        <test-method is-config="true" signature="tearDown()[pri:0, instance:com.d1tech.tests.TestLoginPage@791f145a]" started-at="2019-08-07T12:27:46Z" name="tearDown" finished-at="2019-08-07T12:27:50Z" duration-ms="4453" status="PASS">
          <reporter-output>
          </reporter-output>
        </test-method> <!-- tearDown -->
        <test-method is-config="true" signature="setUp()[pri:0, instance:com.d1tech.tests.TestLoginPage@791f145a]" started-at="2019-08-07T12:27:50Z" name="setUp" finished-at="2019-08-07T12:27:58Z" duration-ms="8174" status="PASS">
          <reporter-output>
          </reporter-output>
        </test-method> <!-- setUp -->
        <test-method signature="verifyEmail()[pri:4, instance:com.d1tech.tests.TestLoginPage@791f145a]" started-at="2019-08-07T12:27:58Z" name="verifyEmail" finished-at="2019-08-07T12:27:59Z" duration-ms="208" status="PASS">
          <reporter-output>
          </reporter-output>
        </test-method> <!-- verifyEmail -->
        <test-method is-config="true" signature="tearDown()[pri:0, instance:com.d1tech.tests.TestLoginPage@791f145a]" started-at="2019-08-07T12:27:59Z" name="tearDown" finished-at="2019-08-07T12:28:03Z" duration-ms="4422" status="PASS">
          <reporter-output>
          </reporter-output>
        </test-method> <!-- tearDown -->
        <test-method is-config="true" signature="setUp()[pri:0, instance:com.d1tech.tests.TestLoginPage@791f145a]" started-at="2019-08-07T12:28:03Z" name="setUp" finished-at="2019-08-07T12:28:19Z" duration-ms="16112" status="PASS">
          <reporter-output>
          </reporter-output>
        </test-method> <!-- setUp -->
        <test-method signature="verifyPassword()[pri:5, instance:com.d1tech.tests.TestLoginPage@791f145a]" started-at="2019-08-07T12:28:19Z" name="verifyPassword" finished-at="2019-08-07T12:28:20Z" duration-ms="343" status="FAIL">
          <exception class="java.lang.AssertionError">
            <message>
              <![CDATA[expected [1234a5678A] but found []]]>
            </message>
            <full-stacktrace>
              <![CDATA[java.lang.AssertionError: expected [1234a5678A] but found []
at org.testng.Assert.fail(Assert.java:96)
at org.testng.Assert.failNotEquals(Assert.java:776)
at org.testng.Assert.assertEqualsImpl(Assert.java:137)
at org.testng.Assert.assertEquals(Assert.java:118)
at org.testng.Assert.assertEquals(Assert.java:453)
at org.testng.Assert.assertEquals(Assert.java:463)
at com.d1tech.tests.TestLoginPage.verifyPassword(TestLoginPage.java:80)
at java.base/jdk.internal.reflect.NativeMethodAccessorImpl.invoke0(Native Method)
at java.base/jdk.internal.reflect.NativeMethodAccessorImpl.invoke(NativeMethodAccessorImpl.java:62)
at java.base/jdk.internal.reflect.DelegatingMethodAccessorImpl.invoke(DelegatingMethodAccessorImpl.java:43)
at java.base/java.lang.reflect.Method.invoke(Method.java:566)
at org.testng.internal.MethodInvocationHelper.invokeMethod(MethodInvocationHelper.java:124)
at org.testng.internal.Invoker.invokeMethod(Invoker.java:583)
at org.testng.internal.Invoker.invokeTestMethod(Invoker.java:719)
at org.testng.internal.Invoker.invokeTestMethods(Invoker.java:989)
at org.testng.internal.TestMethodWorker.invokeTestMethods(TestMethodWorker.java:125)
at org.testng.internal.TestMethodWorker.run(TestMethodWorker.java:109)
at org.testng.TestRunner.privateRun(TestRunner.java:648)
at org.testng.TestRunner.run(TestRunner.java:505)
at org.testng.SuiteRunner.runTest(SuiteRunner.java:455)
at org.testng.SuiteRunner.runSequentially(SuiteRunner.java:450)
at org.testng.SuiteRunner.privateRun(SuiteRunner.java:415)
at org.testng.SuiteRunner.run(SuiteRunner.java:364)
at org.testng.SuiteRunnerWorker.runSuite(SuiteRunnerWorker.java:52)
at org.testng.SuiteRunnerWorker.run(SuiteRunnerWorker.java:84)
at org.testng.TestNG.runSuitesSequentially(TestNG.java:1208)
at org.testng.TestNG.runSuitesLocally(TestNG.java:1137)
at org.testng.TestNG.runSuites(TestNG.java:1049)
at org.testng.TestNG.run(TestNG.java:1017)
at org.apache.maven.surefire.testng.TestNGExecutor.run(TestNGExecutor.java:77)
at org.apache.maven.surefire.testng.TestNGDirectoryTestSuite.executeMulti(TestNGDirectoryTestSuite.java:159)
at org.apache.maven.surefire.testng.TestNGDirectoryTestSuite.execute(TestNGDirectoryTestSuite.java:99)
at org.apache.maven.surefire.testng.TestNGProvider.invoke(TestNGProvider.java:106)
at java.base/jdk.internal.reflect.NativeMethodAccessorImpl.invoke0(Native Method)
at java.base/jdk.internal.reflect.NativeMethodAccessorImpl.invoke(NativeMethodAccessorImpl.java:62)
at java.base/jdk.internal.reflect.DelegatingMethodAccessorImpl.invoke(DelegatingMethodAccessorImpl.java:43)
at java.base/java.lang.reflect.Method.invoke(Method.java:566)
at org.apache.maven.surefire.util.ReflectionUtils.invokeMethodWithArray(ReflectionUtils.java:189)
at org.apache.maven.surefire.booter.ProviderFactory$ProviderProxy.invoke(ProviderFactory.java:165)
at org.apache.maven.surefire.booter.ProviderFactory.invokeProvider(ProviderFactory.java:85)
at org.apache.maven.surefire.booter.ForkedBooter.runSuitesInProcess(ForkedBooter.java:115)
at org.apache.maven.surefire.booter.ForkedBooter.main(ForkedBooter.java:75)
]]>
            </full-stacktrace>
          </exception> <!-- java.lang.AssertionError -->
          <reporter-output>
          </reporter-output>
        </test-method> <!-- verifyPassword -->
        <test-method is-config="true" signature="tearDown()[pri:0, instance:com.d1tech.tests.TestLoginPage@791f145a]" started-at="2019-08-07T12:28:20Z" name="tearDown" finished-at="2019-08-07T12:28:27Z" duration-ms="7447" status="PASS">
          <reporter-output>
          </reporter-output>
        </test-method> <!-- tearDown -->
      </class> <!-- com.d1tech.tests.TestLoginPage -->
    </test> <!-- Command line test -->
  </suite> <!-- Command line suite -->
</testng-results>
